2021-09-03 14:59:44,073:INFO:PyCaret Supervised Module
2021-09-03 14:59:44,073:INFO:ML Usecase: regression
2021-09-03 14:59:44,073:INFO:version 2.3.3
2021-09-03 14:59:44,073:INFO:Initializing setup()
2021-09-03 14:59:44,073:INFO:setup(target=vehicle_length, ml_usecase=regression, available_plots={'parameter': 'Hyperparameters', 'residuals': 'Residuals', 'error': 'Prediction Error', 'cooks': 'Cooks Distance', 'rfe': 'Feature Selection', 'learning': 'Learning Curve', 'manifold': 'Manifold Learning', 'vc': 'Validation Curve', 'feature': 'Feature Importance', 'feature_all': 'Feature Importance (All)', 'tree': 'Decision Tree', 'residuals_interactive': 'Interactive Residuals'}, train_size=0.7, test_data=None, preprocess=True, imputation_type=simple, iterative_imputation_iters=5, categorical_features=None, categorical_imputation=constant, categorical_iterative_imputer=lightgbm, ordinal_features=None, high_cardinality_features=None, high_cardinality_method=frequency, numeric_features=None, numeric_imputation=mean, numeric_iterative_imputer=lightgbm, date_features=None, ignore_features=None, normalize=True, normalize_method=zscore, transformation=False, transformation_method=yeo-johnson, handle_unknown_categorical=True, unknown_categorical_method=least_frequent, pca=False, pca_method=linear, pca_components=None, ignore_low_variance=False, combine_rare_levels=False, rare_level_threshold=0.1, bin_numeric_features=None, remove_outliers=False, outliers_threshold=0.05, remove_multicollinearity=False, multicollinearity_threshold=0.9, remove_perfect_collinearity=True, create_clusters=False, cluster_iter=20, polynomial_features=False, polynomial_degree=2, trigonometry_features=False, polynomial_threshold=0.1, group_features=None, group_names=None, feature_selection=False, feature_selection_threshold=0.8, feature_selection_method=classic, feature_interaction=False, feature_ratio=False, interaction_threshold=0.01, fix_imbalance=False, fix_imbalance_method=None, transform_target=False, transform_target_method=box-cox, data_split_shuffle=True, data_split_stratify=False, fold_strategy=kfold, fold=10, fold_shuffle=False, fold_groups=None, n_jobs=-1, use_gpu=False, custom_pipeline=None, html=True, session_id=None, log_experiment=False, experiment_name=None, log_plots=False, log_profile=False, log_data=False, silent=False, verbose=True, profile=False, profile_kwargs=None, display=None)
2021-09-03 14:59:44,073:INFO:Checking environment
2021-09-03 14:59:44,073:INFO:python_version: 3.8.10
2021-09-03 14:59:44,073:INFO:python_build: ('default', 'May 19 2021 18:05:58')
2021-09-03 14:59:44,073:INFO:machine: x86_64
2021-09-03 14:59:44,108:INFO:platform: Linux-5.11.0-7633-generic-x86_64-with-glibc2.10
2021-09-03 14:59:44,108:INFO:Memory: svmem(total=16652615680, available=7717736448, percent=53.7, used=8504987648, free=392962048, active=3823661056, inactive=11153055744, buffers=772734976, cached=6981931008, shared=90927104, slab=897589248)
2021-09-03 14:59:44,109:INFO:Physical Core: 6
2021-09-03 14:59:44,109:INFO:Logical Core: 12
2021-09-03 14:59:44,109:INFO:Checking libraries
2021-09-03 14:59:44,109:INFO:pd==1.2.5
2021-09-03 14:59:44,109:INFO:numpy==1.20.3
2021-09-03 14:59:44,110:INFO:sklearn==0.24.2
2021-09-03 14:59:44,110:INFO:lightgbm==3.2.1
2021-09-03 14:59:44,110:WARNING:catboost not found
2021-09-03 14:59:44,110:WARNING:xgboost not found
2021-09-03 14:59:44,322:INFO:mlflow==1.20.1
2021-09-03 14:59:44,322:INFO:Checking Exceptions
2021-09-03 14:59:44,322:INFO:Declaring global variables
2021-09-03 14:59:44,322:INFO:USI: 05bb
2021-09-03 14:59:44,322:INFO:pycaret_globals: {'fold_generator', 'fold_groups_param', '_all_models', 'USI', 'prep_pipe', '_all_metrics', 'master_model_container', 'gpu_param', 'logging_param', 'iterative_imputation_iters_param', 'fold_param', 'X', '_all_models_internal', 'fix_imbalance_method_param', 'pycaret_globals', 'imputation_regressor', 'html_param', 'exp_name_log', 'seed', 'X_train', 'fold_shuffle_param', 'transform_target_method_param', '_internal_pipeline', 'log_plots_param', 'X_test', 'y', 'y_test', '_gpu_n_jobs_param', 'experiment__', 'n_jobs_param', 'y_train', 'display_container', '_available_plots', 'imputation_classifier', 'data_before_preprocess', 'fix_imbalance_param', '_ml_usecase', 'create_model_container', 'stratify_param', 'transform_target_param', 'fold_groups_param_full', 'target_param'}
2021-09-03 14:59:44,322:INFO:Preparing display monitor
2021-09-03 14:59:44,322:INFO:Preparing display monitor
2021-09-03 14:59:44,337:INFO:Importing libraries
2021-09-03 14:59:44,337:INFO:Copying data for preprocessing
2021-09-03 14:59:44,345:INFO:Declaring preprocessing parameters
2021-09-03 14:59:44,346:INFO:Creating preprocessing pipeline
2021-09-03 14:59:44,352:INFO:Preprocessing pipeline created successfully
2021-09-03 14:59:44,352:ERROR:(Process Exit): setup has been interupted with user command 'quit'. setup must rerun.
2021-09-03 14:59:44,352:INFO:Creating global containers
2021-09-03 14:59:44,353:INFO:Internal pipeline: Pipeline(memory=None, steps=[('empty_step', 'passthrough')], verbose=False)
2021-09-03 14:59:55,651:WARNING:Couldn't import xgboost.XGBRegressor
2021-09-03 14:59:55,651:WARNING:Couldn't import catboost.CatBoostRegressor
2021-09-03 14:59:55,802:WARNING:Couldn't import xgboost.XGBRegressor
2021-09-03 14:59:55,803:WARNING:Couldn't import catboost.CatBoostRegressor
2021-09-03 14:59:55,803:INFO:Creating grid variables
2021-09-03 14:59:55,824:INFO:create_model_container: 0
2021-09-03 14:59:55,824:INFO:master_model_container: 0
2021-09-03 14:59:55,825:INFO:display_container: 1
2021-09-03 15:01:22,082:INFO:PyCaret Supervised Module
2021-09-03 15:01:22,082:INFO:ML Usecase: regression
2021-09-03 15:01:22,082:INFO:version 2.3.3
2021-09-03 15:01:22,082:INFO:Initializing setup()
2021-09-03 15:01:22,082:INFO:setup(target=vehicle_length, ml_usecase=regression, available_plots={'parameter': 'Hyperparameters', 'residuals': 'Residuals', 'error': 'Prediction Error', 'cooks': 'Cooks Distance', 'rfe': 'Feature Selection', 'learning': 'Learning Curve', 'manifold': 'Manifold Learning', 'vc': 'Validation Curve', 'feature': 'Feature Importance', 'feature_all': 'Feature Importance (All)', 'tree': 'Decision Tree', 'residuals_interactive': 'Interactive Residuals'}, train_size=0.7, test_data=None, preprocess=True, imputation_type=simple, iterative_imputation_iters=5, categorical_features=None, categorical_imputation=constant, categorical_iterative_imputer=lightgbm, ordinal_features=None, high_cardinality_features=None, high_cardinality_method=frequency, numeric_features=None, numeric_imputation=mean, numeric_iterative_imputer=lightgbm, date_features=None, ignore_features=None, normalize=True, normalize_method=zscore, transformation=False, transformation_method=yeo-johnson, handle_unknown_categorical=True, unknown_categorical_method=least_frequent, pca=False, pca_method=linear, pca_components=None, ignore_low_variance=False, combine_rare_levels=False, rare_level_threshold=0.1, bin_numeric_features=None, remove_outliers=False, outliers_threshold=0.05, remove_multicollinearity=False, multicollinearity_threshold=0.9, remove_perfect_collinearity=True, create_clusters=False, cluster_iter=20, polynomial_features=False, polynomial_degree=2, trigonometry_features=False, polynomial_threshold=0.1, group_features=None, group_names=None, feature_selection=False, feature_selection_threshold=0.8, feature_selection_method=classic, feature_interaction=False, feature_ratio=False, interaction_threshold=0.01, fix_imbalance=False, fix_imbalance_method=None, transform_target=False, transform_target_method=box-cox, data_split_shuffle=True, data_split_stratify=False, fold_strategy=kfold, fold=10, fold_shuffle=False, fold_groups=None, n_jobs=-1, use_gpu=False, custom_pipeline=None, html=True, session_id=None, log_experiment=False, experiment_name=None, log_plots=False, log_profile=False, log_data=False, silent=False, verbose=True, profile=False, profile_kwargs=None, display=None)
2021-09-03 15:01:22,082:INFO:Checking environment
2021-09-03 15:01:22,082:INFO:python_version: 3.8.10
2021-09-03 15:01:22,082:INFO:python_build: ('default', 'May 19 2021 18:05:58')
2021-09-03 15:01:22,082:INFO:machine: x86_64
2021-09-03 15:01:22,082:INFO:platform: Linux-5.11.0-7633-generic-x86_64-with-glibc2.10
2021-09-03 15:01:22,083:INFO:Memory: svmem(total=16652615680, available=7668768768, percent=53.9, used=8545083392, free=339283968, active=3852283904, inactive=11158056960, buffers=773066752, cached=6995181568, shared=99848192, slab=898715648)
2021-09-03 15:01:22,083:INFO:Physical Core: 6
2021-09-03 15:01:22,083:INFO:Logical Core: 12
2021-09-03 15:01:22,083:INFO:Checking libraries
2021-09-03 15:01:22,083:INFO:pd==1.2.5
2021-09-03 15:01:22,084:INFO:numpy==1.20.3
2021-09-03 15:01:22,084:INFO:sklearn==0.24.2
2021-09-03 15:01:22,084:INFO:lightgbm==3.2.1
2021-09-03 15:01:22,084:WARNING:catboost not found
2021-09-03 15:01:22,084:WARNING:xgboost not found
2021-09-03 15:01:22,238:INFO:mlflow==1.20.1
2021-09-03 15:01:22,238:INFO:Checking Exceptions
2021-09-03 15:01:22,238:INFO:Declaring global variables
2021-09-03 15:01:22,238:INFO:USI: 21cd
2021-09-03 15:01:22,238:INFO:pycaret_globals: {'html_param', 'imputation_regressor', 'log_plots_param', 'logging_param', 'fold_groups_param_full', 'seed', '_available_plots', 'exp_name_log', 'fold_groups_param', 'X_train', 'fix_imbalance_method_param', 'X', '_all_models', '_gpu_n_jobs_param', 'USI', 'fold_generator', '_internal_pipeline', 'fold_shuffle_param', 'experiment__', 'y', 'target_param', 'prep_pipe', 'display_container', 'fold_param', 'fix_imbalance_param', 'y_test', 'create_model_container', 'n_jobs_param', '_all_metrics', 'iterative_imputation_iters_param', 'data_before_preprocess', 'y_train', 'transform_target_param', '_all_models_internal', '_ml_usecase', 'stratify_param', 'master_model_container', 'pycaret_globals', 'gpu_param', 'X_test', 'imputation_classifier', 'transform_target_method_param'}
2021-09-03 15:01:22,238:INFO:Preparing display monitor
2021-09-03 15:01:22,238:INFO:Preparing display monitor
2021-09-03 15:01:22,256:INFO:Importing libraries
2021-09-03 15:01:22,256:INFO:Copying data for preprocessing
2021-09-03 15:01:22,263:INFO:Declaring preprocessing parameters
2021-09-03 15:01:22,265:INFO:Creating preprocessing pipeline
2021-09-03 15:01:22,271:INFO:Preprocessing pipeline created successfully
2021-09-03 15:01:22,271:ERROR:(Process Exit): setup has been interupted with user command 'quit'. setup must rerun.
2021-09-03 15:01:22,271:INFO:Creating global containers
2021-09-03 15:01:22,272:INFO:Internal pipeline: Pipeline(memory=None, steps=[('empty_step', 'passthrough')], verbose=False)
2021-09-03 15:01:32,048:WARNING:Couldn't import xgboost.XGBRegressor
2021-09-03 15:01:32,048:WARNING:Couldn't import catboost.CatBoostRegressor
2021-09-03 15:01:32,201:WARNING:Couldn't import xgboost.XGBRegressor
2021-09-03 15:01:32,201:WARNING:Couldn't import catboost.CatBoostRegressor
2021-09-03 15:01:32,202:INFO:Creating grid variables
2021-09-03 15:01:32,219:INFO:create_model_container: 0
2021-09-03 15:01:32,219:INFO:master_model_container: 0
2021-09-03 15:01:32,219:INFO:display_container: 1
2021-09-03 15:01:42,237:INFO:Initializing compare_models()
2021-09-03 15:01:42,238:INFO:compare_models(include=None, fold=None, round=4, cross_validation=True, sort=R2, n_select=1, budget_time=None, turbo=True, errors=ignore, fit_kwargs=None, groups=None, verbose=True, display=None, exclude=None)
2021-09-03 15:01:42,238:INFO:Checking exceptions
2021-09-03 15:01:42,238:INFO:Preparing display monitor
2021-09-03 15:01:42,238:INFO:Preparing display monitor
2021-09-03 15:01:42,281:INFO:Initializing Linear Regression
2021-09-03 15:01:42,281:INFO:Total runtime is 3.3577283223470053e-06 minutes
2021-09-03 15:01:42,290:INFO:SubProcess create_model() called ==================================
2021-09-03 15:01:42,290:INFO:Initializing create_model()
2021-09-03 15:01:42,290:INFO:create_model(estimator=lr, fold=KFold(n_splits=10, random_state=None, shuffle=False), round=4, cross_validation=True, predict=True, fit_kwargs={}, groups=None, refit=False, verbose=False, system=False, metrics=None, display=<pycaret.internal.Display.Display object at 0x7fe486837e20>, kwargs={})
2021-09-03 15:01:42,290:INFO:Checking exceptions
2021-09-03 15:01:42,290:INFO:Importing libraries
2021-09-03 15:01:42,290:INFO:Copying training dataset
2021-09-03 15:01:42,291:INFO:Defining folds
2021-09-03 15:01:42,291:INFO:Declaring metric variables
2021-09-03 15:01:42,299:INFO:Importing untrained model
2021-09-03 15:01:42,307:INFO:Linear Regression Imported succesfully
2021-09-03 15:01:42,325:INFO:Starting cross validation
2021-09-03 15:01:42,330:INFO:Cross validating with KFold(n_splits=10, random_state=None, shuffle=False), n_jobs=-1
2021-09-03 15:01:45,139:INFO:Calculating mean and std
2021-09-03 15:01:45,141:INFO:Creating metrics dataframe
2021-09-03 15:01:45,147:INFO:Uploading results into container
2021-09-03 15:01:45,148:INFO:Uploading model into container now
2021-09-03 15:01:45,148:INFO:create_model_container: 1
2021-09-03 15:01:45,148:INFO:master_model_container: 1
2021-09-03 15:01:45,148:INFO:display_container: 2
2021-09-03 15:01:45,149:INFO:LinearRegression(copy_X=True, fit_intercept=True, n_jobs=-1, normalize=False,
                 positive=False)
2021-09-03 15:01:45,149:INFO:create_model() succesfully completed......................................
2021-09-03 15:01:45,257:INFO:SubProcess create_model() end ==================================
2021-09-03 15:01:45,257:INFO:Creating metrics dataframe
2021-09-03 15:01:45,273:INFO:Initializing Lasso Regression
2021-09-03 15:01:45,273:INFO:Total runtime is 0.04987213214238485 minutes
2021-09-03 15:01:45,281:INFO:SubProcess create_model() called ==================================
2021-09-03 15:01:45,282:INFO:Initializing create_model()
2021-09-03 15:01:45,282:INFO:create_model(estimator=lasso, fold=KFold(n_splits=10, random_state=None, shuffle=False), round=4, cross_validation=True, predict=True, fit_kwargs={}, groups=None, refit=False, verbose=False, system=False, metrics=None, display=<pycaret.internal.Display.Display object at 0x7fe486837e20>, kwargs={})
2021-09-03 15:01:45,282:INFO:Checking exceptions
2021-09-03 15:01:45,282:INFO:Importing libraries
2021-09-03 15:01:45,282:INFO:Copying training dataset
2021-09-03 15:01:45,282:INFO:Defining folds
2021-09-03 15:01:45,283:INFO:Declaring metric variables
2021-09-03 15:01:45,290:INFO:Importing untrained model
2021-09-03 15:01:45,297:INFO:Lasso Regression Imported succesfully
2021-09-03 15:01:45,313:INFO:Starting cross validation
2021-09-03 15:01:45,313:INFO:Cross validating with KFold(n_splits=10, random_state=None, shuffle=False), n_jobs=-1
2021-09-03 15:01:46,759:INFO:Calculating mean and std
2021-09-03 15:01:46,761:INFO:Creating metrics dataframe
2021-09-03 15:01:46,771:INFO:Uploading results into container
2021-09-03 15:01:46,771:INFO:Uploading model into container now
2021-09-03 15:01:46,772:INFO:create_model_container: 2
2021-09-03 15:01:46,772:INFO:master_model_container: 2
2021-09-03 15:01:46,772:INFO:display_container: 2
2021-09-03 15:01:46,773:INFO:Lasso(alpha=1.0, copy_X=True, fit_intercept=True, max_iter=1000,
      normalize=False, positive=False, precompute=False, random_state=166,
      selection='cyclic', tol=0.0001, warm_start=False)
2021-09-03 15:01:46,773:INFO:create_model() succesfully completed......................................
2021-09-03 15:01:46,880:INFO:SubProcess create_model() end ==================================
2021-09-03 15:01:46,880:INFO:Creating metrics dataframe
2021-09-03 15:01:46,905:INFO:Initializing Ridge Regression
2021-09-03 15:01:46,906:INFO:Total runtime is 0.07707523902257284 minutes
2021-09-03 15:01:46,917:INFO:SubProcess create_model() called ==================================
2021-09-03 15:01:46,918:INFO:Initializing create_model()
2021-09-03 15:01:46,918:INFO:create_model(estimator=ridge, fold=KFold(n_splits=10, random_state=None, shuffle=False), round=4, cross_validation=True, predict=True, fit_kwargs={}, groups=None, refit=False, verbose=False, system=False, metrics=None, display=<pycaret.internal.Display.Display object at 0x7fe486837e20>, kwargs={})
2021-09-03 15:01:46,918:INFO:Checking exceptions
2021-09-03 15:01:46,918:INFO:Importing libraries
2021-09-03 15:01:46,918:INFO:Copying training dataset
2021-09-03 15:01:46,919:INFO:Defining folds
2021-09-03 15:01:46,919:INFO:Declaring metric variables
2021-09-03 15:01:46,930:INFO:Importing untrained model
2021-09-03 15:01:46,941:INFO:Ridge Regression Imported succesfully
2021-09-03 15:01:46,968:INFO:Starting cross validation
2021-09-03 15:01:46,969:INFO:Cross validating with KFold(n_splits=10, random_state=None, shuffle=False), n_jobs=-1
2021-09-03 15:01:47,053:INFO:Calculating mean and std
2021-09-03 15:01:47,054:INFO:Creating metrics dataframe
2021-09-03 15:01:47,058:INFO:Uploading results into container
2021-09-03 15:01:47,058:INFO:Uploading model into container now
2021-09-03 15:01:47,059:INFO:create_model_container: 3
2021-09-03 15:01:47,059:INFO:master_model_container: 3
2021-09-03 15:01:47,059:INFO:display_container: 2
2021-09-03 15:01:47,059:INFO:Ridge(alpha=1.0, copy_X=True, fit_intercept=True, max_iter=None,
      normalize=False, random_state=166, solver='auto', tol=0.001)
2021-09-03 15:01:47,059:INFO:create_model() succesfully completed......................................
2021-09-03 15:01:47,131:INFO:SubProcess create_model() end ==================================
2021-09-03 15:01:47,131:INFO:Creating metrics dataframe
2021-09-03 15:01:47,147:INFO:Initializing Elastic Net
2021-09-03 15:01:47,148:INFO:Total runtime is 0.0811090071996053 minutes
2021-09-03 15:01:47,157:INFO:SubProcess create_model() called ==================================
2021-09-03 15:01:47,157:INFO:Initializing create_model()
2021-09-03 15:01:47,157:INFO:create_model(estimator=en, fold=KFold(n_splits=10, random_state=None, shuffle=False), round=4, cross_validation=True, predict=True, fit_kwargs={}, groups=None, refit=False, verbose=False, system=False, metrics=None, display=<pycaret.internal.Display.Display object at 0x7fe486837e20>, kwargs={})
2021-09-03 15:01:47,157:INFO:Checking exceptions
2021-09-03 15:01:47,157:INFO:Importing libraries
2021-09-03 15:01:47,157:INFO:Copying training dataset
2021-09-03 15:01:47,158:INFO:Defining folds
2021-09-03 15:01:47,158:INFO:Declaring metric variables
2021-09-03 15:01:47,167:INFO:Importing untrained model
2021-09-03 15:01:47,174:INFO:Elastic Net Imported succesfully
2021-09-03 15:01:47,189:INFO:Starting cross validation
2021-09-03 15:01:47,189:INFO:Cross validating with KFold(n_splits=10, random_state=None, shuffle=False), n_jobs=-1
2021-09-03 15:01:47,266:INFO:Calculating mean and std
2021-09-03 15:01:47,267:INFO:Creating metrics dataframe
2021-09-03 15:01:47,271:INFO:Uploading results into container
2021-09-03 15:01:47,272:INFO:Uploading model into container now
2021-09-03 15:01:47,272:INFO:create_model_container: 4
2021-09-03 15:01:47,272:INFO:master_model_container: 4
2021-09-03 15:01:47,272:INFO:display_container: 2
2021-09-03 15:01:47,272:INFO:ElasticNet(alpha=1.0, copy_X=True, fit_intercept=True, l1_ratio=0.5,
           max_iter=1000, normalize=False, positive=False, precompute=False,
           random_state=166, selection='cyclic', tol=0.0001, warm_start=False)
2021-09-03 15:01:47,272:INFO:create_model() succesfully completed......................................
2021-09-03 15:01:47,362:INFO:SubProcess create_model() end ==================================
2021-09-03 15:01:47,363:INFO:Creating metrics dataframe
2021-09-03 15:01:47,382:INFO:Initializing Least Angle Regression
2021-09-03 15:01:47,382:INFO:Total runtime is 0.08501871426900227 minutes
2021-09-03 15:01:47,390:INFO:SubProcess create_model() called ==================================
2021-09-03 15:01:47,391:INFO:Initializing create_model()
2021-09-03 15:01:47,391:INFO:create_model(estimator=lar, fold=KFold(n_splits=10, random_state=None, shuffle=False), round=4, cross_validation=True, predict=True, fit_kwargs={}, groups=None, refit=False, verbose=False, system=False, metrics=None, display=<pycaret.internal.Display.Display object at 0x7fe486837e20>, kwargs={})
2021-09-03 15:01:47,391:INFO:Checking exceptions
2021-09-03 15:01:47,391:INFO:Importing libraries
2021-09-03 15:01:47,391:INFO:Copying training dataset
2021-09-03 15:01:47,391:INFO:Defining folds
2021-09-03 15:01:47,392:INFO:Declaring metric variables
2021-09-03 15:01:47,400:INFO:Importing untrained model
2021-09-03 15:01:47,407:INFO:Least Angle Regression Imported succesfully
2021-09-03 15:01:47,424:INFO:Starting cross validation
2021-09-03 15:01:47,424:INFO:Cross validating with KFold(n_splits=10, random_state=None, shuffle=False), n_jobs=-1
2021-09-03 15:01:47,484:INFO:Calculating mean and std
2021-09-03 15:01:47,485:INFO:Creating metrics dataframe
2021-09-03 15:01:47,489:INFO:Uploading results into container
2021-09-03 15:01:47,489:INFO:Uploading model into container now
2021-09-03 15:01:47,489:INFO:create_model_container: 5
2021-09-03 15:01:47,489:INFO:master_model_container: 5
2021-09-03 15:01:47,489:INFO:display_container: 2
2021-09-03 15:01:47,489:INFO:Lars(copy_X=True, eps=2.220446049250313e-16, fit_intercept=True, fit_path=True,
     jitter=None, n_nonzero_coefs=500, normalize=True, precompute='auto',
     random_state=166, verbose=False)
2021-09-03 15:01:47,490:INFO:create_model() succesfully completed......................................
2021-09-03 15:01:47,588:INFO:SubProcess create_model() end ==================================
2021-09-03 15:01:47,588:INFO:Creating metrics dataframe
2021-09-03 15:01:47,607:INFO:Initializing Lasso Least Angle Regression
2021-09-03 15:01:47,607:INFO:Total runtime is 0.08876710732777914 minutes
2021-09-03 15:01:47,615:INFO:SubProcess create_model() called ==================================
2021-09-03 15:01:47,616:INFO:Initializing create_model()
2021-09-03 15:01:47,616:INFO:create_model(estimator=llar, fold=KFold(n_splits=10, random_state=None, shuffle=False), round=4, cross_validation=True, predict=True, fit_kwargs={}, groups=None, refit=False, verbose=False, system=False, metrics=None, display=<pycaret.internal.Display.Display object at 0x7fe486837e20>, kwargs={})
2021-09-03 15:01:47,616:INFO:Checking exceptions
2021-09-03 15:01:47,616:INFO:Importing libraries
2021-09-03 15:01:47,616:INFO:Copying training dataset
2021-09-03 15:01:47,617:INFO:Defining folds
2021-09-03 15:01:47,617:INFO:Declaring metric variables
2021-09-03 15:01:47,624:INFO:Importing untrained model
2021-09-03 15:01:47,631:INFO:Lasso Least Angle Regression Imported succesfully
2021-09-03 15:01:47,647:INFO:Starting cross validation
2021-09-03 15:01:47,647:INFO:Cross validating with KFold(n_splits=10, random_state=None, shuffle=False), n_jobs=-1
2021-09-03 15:01:47,714:INFO:Calculating mean and std
2021-09-03 15:01:47,715:INFO:Creating metrics dataframe
2021-09-03 15:01:47,719:INFO:Uploading results into container
2021-09-03 15:01:47,719:INFO:Uploading model into container now
2021-09-03 15:01:47,719:INFO:create_model_container: 6
2021-09-03 15:01:47,719:INFO:master_model_container: 6
2021-09-03 15:01:47,719:INFO:display_container: 2
2021-09-03 15:01:47,720:INFO:LassoLars(alpha=1.0, copy_X=True, eps=2.220446049250313e-16, fit_intercept=True,
          fit_path=True, jitter=None, max_iter=500, normalize=True,
          positive=False, precompute='auto', random_state=166, verbose=False)
2021-09-03 15:01:47,720:INFO:create_model() succesfully completed......................................
2021-09-03 15:01:47,811:INFO:SubProcess create_model() end ==================================
2021-09-03 15:01:47,811:INFO:Creating metrics dataframe
2021-09-03 15:01:47,831:INFO:Initializing Orthogonal Matching Pursuit
2021-09-03 15:01:47,831:INFO:Total runtime is 0.09250017007191975 minutes
2021-09-03 15:01:47,839:INFO:SubProcess create_model() called ==================================
2021-09-03 15:01:47,839:INFO:Initializing create_model()
2021-09-03 15:01:47,839:INFO:create_model(estimator=omp, fold=KFold(n_splits=10, random_state=None, shuffle=False), round=4, cross_validation=True, predict=True, fit_kwargs={}, groups=None, refit=False, verbose=False, system=False, metrics=None, display=<pycaret.internal.Display.Display object at 0x7fe486837e20>, kwargs={})
2021-09-03 15:01:47,839:INFO:Checking exceptions
2021-09-03 15:01:47,839:INFO:Importing libraries
2021-09-03 15:01:47,839:INFO:Copying training dataset
2021-09-03 15:01:47,840:INFO:Defining folds
2021-09-03 15:01:47,840:INFO:Declaring metric variables
2021-09-03 15:01:47,851:INFO:Importing untrained model
2021-09-03 15:01:47,868:INFO:Orthogonal Matching Pursuit Imported succesfully
2021-09-03 15:01:47,901:INFO:Starting cross validation
2021-09-03 15:01:47,902:INFO:Cross validating with KFold(n_splits=10, random_state=None, shuffle=False), n_jobs=-1
2021-09-03 15:01:47,972:INFO:Calculating mean and std
2021-09-03 15:01:47,973:INFO:Creating metrics dataframe
2021-09-03 15:01:47,977:INFO:Uploading results into container
2021-09-03 15:01:47,978:INFO:Uploading model into container now
2021-09-03 15:01:47,978:INFO:create_model_container: 7
2021-09-03 15:01:47,978:INFO:master_model_container: 7
2021-09-03 15:01:47,978:INFO:display_container: 2
2021-09-03 15:01:47,978:INFO:OrthogonalMatchingPursuit(fit_intercept=True, n_nonzero_coefs=None,
                          normalize=True, precompute='auto', tol=None)
2021-09-03 15:01:47,978:INFO:create_model() succesfully completed......................................
2021-09-03 15:01:48,052:INFO:SubProcess create_model() end ==================================
2021-09-03 15:01:48,052:INFO:Creating metrics dataframe
2021-09-03 15:01:48,072:INFO:Initializing Bayesian Ridge
2021-09-03 15:01:48,072:INFO:Total runtime is 0.09651893774668376 minutes
2021-09-03 15:01:48,080:INFO:SubProcess create_model() called ==================================
2021-09-03 15:01:48,080:INFO:Initializing create_model()
2021-09-03 15:01:48,080:INFO:create_model(estimator=br, fold=KFold(n_splits=10, random_state=None, shuffle=False), round=4, cross_validation=True, predict=True, fit_kwargs={}, groups=None, refit=False, verbose=False, system=False, metrics=None, display=<pycaret.internal.Display.Display object at 0x7fe486837e20>, kwargs={})
2021-09-03 15:01:48,080:INFO:Checking exceptions
2021-09-03 15:01:48,080:INFO:Importing libraries
2021-09-03 15:01:48,080:INFO:Copying training dataset
2021-09-03 15:01:48,081:INFO:Defining folds
2021-09-03 15:01:48,081:INFO:Declaring metric variables
2021-09-03 15:01:48,088:INFO:Importing untrained model
2021-09-03 15:01:48,095:INFO:Bayesian Ridge Imported succesfully
2021-09-03 15:01:48,112:INFO:Starting cross validation
2021-09-03 15:01:48,112:INFO:Cross validating with KFold(n_splits=10, random_state=None, shuffle=False), n_jobs=-1
2021-09-03 15:01:48,173:INFO:Calculating mean and std
2021-09-03 15:01:48,174:INFO:Creating metrics dataframe
2021-09-03 15:01:48,179:INFO:Uploading results into container
2021-09-03 15:01:48,179:INFO:Uploading model into container now
2021-09-03 15:01:48,179:INFO:create_model_container: 8
2021-09-03 15:01:48,179:INFO:master_model_container: 8
2021-09-03 15:01:48,180:INFO:display_container: 2
2021-09-03 15:01:48,180:INFO:BayesianRidge(alpha_1=1e-06, alpha_2=1e-06, alpha_init=None,
              compute_score=False, copy_X=True, fit_intercept=True,
              lambda_1=1e-06, lambda_2=1e-06, lambda_init=None, n_iter=300,
              normalize=False, tol=0.001, verbose=False)
2021-09-03 15:01:48,180:INFO:create_model() succesfully completed......................................
2021-09-03 15:01:48,268:INFO:SubProcess create_model() end ==================================
2021-09-03 15:01:48,268:INFO:Creating metrics dataframe
2021-09-03 15:01:48,288:INFO:Initializing Passive Aggressive Regressor
2021-09-03 15:01:48,288:INFO:Total runtime is 0.10012329419453939 minutes
2021-09-03 15:01:48,296:INFO:SubProcess create_model() called ==================================
2021-09-03 15:01:48,297:INFO:Initializing create_model()
2021-09-03 15:01:48,297:INFO:create_model(estimator=par, fold=KFold(n_splits=10, random_state=None, shuffle=False), round=4, cross_validation=True, predict=True, fit_kwargs={}, groups=None, refit=False, verbose=False, system=False, metrics=None, display=<pycaret.internal.Display.Display object at 0x7fe486837e20>, kwargs={})
2021-09-03 15:01:48,297:INFO:Checking exceptions
2021-09-03 15:01:48,297:INFO:Importing libraries
2021-09-03 15:01:48,297:INFO:Copying training dataset
2021-09-03 15:01:48,297:INFO:Defining folds
2021-09-03 15:01:48,298:INFO:Declaring metric variables
2021-09-03 15:01:48,305:INFO:Importing untrained model
2021-09-03 15:01:48,312:INFO:Passive Aggressive Regressor Imported succesfully
2021-09-03 15:01:48,326:INFO:Starting cross validation
2021-09-03 15:01:48,327:INFO:Cross validating with KFold(n_splits=10, random_state=None, shuffle=False), n_jobs=-1
2021-09-03 15:01:48,392:INFO:Calculating mean and std
2021-09-03 15:01:48,393:INFO:Creating metrics dataframe
2021-09-03 15:01:48,397:INFO:Uploading results into container
2021-09-03 15:01:48,397:INFO:Uploading model into container now
2021-09-03 15:01:48,397:INFO:create_model_container: 9
2021-09-03 15:01:48,397:INFO:master_model_container: 9
2021-09-03 15:01:48,397:INFO:display_container: 2
2021-09-03 15:01:48,398:INFO:PassiveAggressiveRegressor(C=1.0, average=False, early_stopping=False,
                           epsilon=0.1, fit_intercept=True,
                           loss='epsilon_insensitive', max_iter=1000,
                           n_iter_no_change=5, random_state=166, shuffle=True,
                           tol=0.001, validation_fraction=0.1, verbose=0,
                           warm_start=False)
2021-09-03 15:01:48,398:INFO:create_model() succesfully completed......................................
2021-09-03 15:01:48,472:INFO:SubProcess create_model() end ==================================
2021-09-03 15:01:48,473:INFO:Creating metrics dataframe
2021-09-03 15:01:48,494:INFO:Initializing Huber Regressor
2021-09-03 15:01:48,494:INFO:Total runtime is 0.10354725519816081 minutes
2021-09-03 15:01:48,501:INFO:SubProcess create_model() called ==================================
2021-09-03 15:01:48,502:INFO:Initializing create_model()
2021-09-03 15:01:48,502:INFO:create_model(estimator=huber, fold=KFold(n_splits=10, random_state=None, shuffle=False), round=4, cross_validation=True, predict=True, fit_kwargs={}, groups=None, refit=False, verbose=False, system=False, metrics=None, display=<pycaret.internal.Display.Display object at 0x7fe486837e20>, kwargs={})
2021-09-03 15:01:48,502:INFO:Checking exceptions
2021-09-03 15:01:48,502:INFO:Importing libraries
2021-09-03 15:01:48,502:INFO:Copying training dataset
2021-09-03 15:01:48,503:INFO:Defining folds
2021-09-03 15:01:48,503:INFO:Declaring metric variables
2021-09-03 15:01:48,510:INFO:Importing untrained model
2021-09-03 15:01:48,517:INFO:Huber Regressor Imported succesfully
2021-09-03 15:01:48,533:INFO:Starting cross validation
2021-09-03 15:01:48,534:INFO:Cross validating with KFold(n_splits=10, random_state=None, shuffle=False), n_jobs=-1
2021-09-03 15:01:48,599:INFO:Calculating mean and std
2021-09-03 15:01:48,599:INFO:Creating metrics dataframe
2021-09-03 15:01:48,603:INFO:Uploading results into container
2021-09-03 15:01:48,603:INFO:Uploading model into container now
2021-09-03 15:01:48,603:INFO:create_model_container: 10
2021-09-03 15:01:48,603:INFO:master_model_container: 10
2021-09-03 15:01:48,603:INFO:display_container: 2
2021-09-03 15:01:48,604:INFO:HuberRegressor(alpha=0.0001, epsilon=1.35, fit_intercept=True, max_iter=100,
               tol=1e-05, warm_start=False)
2021-09-03 15:01:48,604:INFO:create_model() succesfully completed......................................
2021-09-03 15:01:48,681:INFO:SubProcess create_model() end ==================================
2021-09-03 15:01:48,681:INFO:Creating metrics dataframe
2021-09-03 15:01:48,701:INFO:Initializing K Neighbors Regressor
2021-09-03 15:01:48,702:INFO:Total runtime is 0.1070083777109782 minutes
2021-09-03 15:01:48,710:INFO:SubProcess create_model() called ==================================
2021-09-03 15:01:48,711:INFO:Initializing create_model()
2021-09-03 15:01:48,711:INFO:create_model(estimator=knn, fold=KFold(n_splits=10, random_state=None, shuffle=False), round=4, cross_validation=True, predict=True, fit_kwargs={}, groups=None, refit=False, verbose=False, system=False, metrics=None, display=<pycaret.internal.Display.Display object at 0x7fe486837e20>, kwargs={})
2021-09-03 15:01:48,711:INFO:Checking exceptions
2021-09-03 15:01:48,711:INFO:Importing libraries
2021-09-03 15:01:48,711:INFO:Copying training dataset
2021-09-03 15:01:48,712:INFO:Defining folds
2021-09-03 15:01:48,712:INFO:Declaring metric variables
2021-09-03 15:01:48,720:INFO:Importing untrained model
2021-09-03 15:01:48,727:INFO:K Neighbors Regressor Imported succesfully
2021-09-03 15:01:48,742:INFO:Starting cross validation
2021-09-03 15:01:48,743:INFO:Cross validating with KFold(n_splits=10, random_state=None, shuffle=False), n_jobs=-1
2021-09-03 15:01:48,812:INFO:Calculating mean and std
2021-09-03 15:01:48,812:INFO:Creating metrics dataframe
2021-09-03 15:01:48,816:INFO:Uploading results into container
2021-09-03 15:01:48,816:INFO:Uploading model into container now
2021-09-03 15:01:48,817:INFO:create_model_container: 11
2021-09-03 15:01:48,817:INFO:master_model_container: 11
2021-09-03 15:01:48,817:INFO:display_container: 2
2021-09-03 15:01:48,817:INFO:KNeighborsRegressor(algorithm='auto', leaf_size=30, metric='minkowski',
                    metric_params=None, n_jobs=-1, n_neighbors=5, p=2,
                    weights='uniform')
2021-09-03 15:01:48,817:INFO:create_model() succesfully completed......................................
2021-09-03 15:01:48,887:INFO:SubProcess create_model() end ==================================
2021-09-03 15:01:48,887:INFO:Creating metrics dataframe
2021-09-03 15:01:48,909:INFO:Initializing Decision Tree Regressor
2021-09-03 15:01:48,909:INFO:Total runtime is 0.11045923233032227 minutes
2021-09-03 15:01:48,916:INFO:SubProcess create_model() called ==================================
2021-09-03 15:01:48,916:INFO:Initializing create_model()
2021-09-03 15:01:48,916:INFO:create_model(estimator=dt, fold=KFold(n_splits=10, random_state=None, shuffle=False), round=4, cross_validation=True, predict=True, fit_kwargs={}, groups=None, refit=False, verbose=False, system=False, metrics=None, display=<pycaret.internal.Display.Display object at 0x7fe486837e20>, kwargs={})
2021-09-03 15:01:48,917:INFO:Checking exceptions
2021-09-03 15:01:48,917:INFO:Importing libraries
2021-09-03 15:01:48,917:INFO:Copying training dataset
2021-09-03 15:01:48,917:INFO:Defining folds
2021-09-03 15:01:48,917:INFO:Declaring metric variables
2021-09-03 15:01:48,924:INFO:Importing untrained model
2021-09-03 15:01:48,931:INFO:Decision Tree Regressor Imported succesfully
2021-09-03 15:01:48,946:INFO:Starting cross validation
2021-09-03 15:01:48,946:INFO:Cross validating with KFold(n_splits=10, random_state=None, shuffle=False), n_jobs=-1
2021-09-03 15:01:49,003:INFO:Calculating mean and std
2021-09-03 15:01:49,004:INFO:Creating metrics dataframe
2021-09-03 15:01:49,008:INFO:Uploading results into container
2021-09-03 15:01:49,008:INFO:Uploading model into container now
2021-09-03 15:01:49,008:INFO:create_model_container: 12
2021-09-03 15:01:49,008:INFO:master_model_container: 12
2021-09-03 15:01:49,008:INFO:display_container: 2
2021-09-03 15:01:49,009:INFO:DecisionTreeRegressor(ccp_alpha=0.0, criterion='mse', max_depth=None,
                      max_features=None, max_leaf_nodes=None,
                      min_impurity_decrease=0.0, min_impurity_split=None,
                      min_samples_leaf=1, min_samples_split=2,
                      min_weight_fraction_leaf=0.0, random_state=166,
                      splitter='best')
2021-09-03 15:01:49,009:INFO:create_model() succesfully completed......................................
2021-09-03 15:01:49,080:INFO:SubProcess create_model() end ==================================
2021-09-03 15:01:49,080:INFO:Creating metrics dataframe
2021-09-03 15:01:49,103:INFO:Initializing Random Forest Regressor
2021-09-03 15:01:49,103:INFO:Total runtime is 0.113692839940389 minutes
2021-09-03 15:01:49,110:INFO:SubProcess create_model() called ==================================
2021-09-03 15:01:49,110:INFO:Initializing create_model()
2021-09-03 15:01:49,111:INFO:create_model(estimator=rf, fold=KFold(n_splits=10, random_state=None, shuffle=False), round=4, cross_validation=True, predict=True, fit_kwargs={}, groups=None, refit=False, verbose=False, system=False, metrics=None, display=<pycaret.internal.Display.Display object at 0x7fe486837e20>, kwargs={})
2021-09-03 15:01:49,111:INFO:Checking exceptions
2021-09-03 15:01:49,111:INFO:Importing libraries
2021-09-03 15:01:49,111:INFO:Copying training dataset
2021-09-03 15:01:49,111:INFO:Defining folds
2021-09-03 15:01:49,111:INFO:Declaring metric variables
2021-09-03 15:01:49,118:INFO:Importing untrained model
2021-09-03 15:01:49,126:INFO:Random Forest Regressor Imported succesfully
2021-09-03 15:01:49,141:INFO:Starting cross validation
2021-09-03 15:01:49,142:INFO:Cross validating with KFold(n_splits=10, random_state=None, shuffle=False), n_jobs=-1
2021-09-03 15:01:49,580:INFO:Calculating mean and std
2021-09-03 15:01:49,581:INFO:Creating metrics dataframe
2021-09-03 15:01:49,586:INFO:Uploading results into container
2021-09-03 15:01:49,586:INFO:Uploading model into container now
2021-09-03 15:01:49,586:INFO:create_model_container: 13
2021-09-03 15:01:49,587:INFO:master_model_container: 13
2021-09-03 15:01:49,587:INFO:display_container: 2
2021-09-03 15:01:49,587:INFO:RandomForestRegressor(bootstrap=True, ccp_alpha=0.0, criterion='mse',
                      max_depth=None, max_features='auto', max_leaf_nodes=None,
                      max_samples=None, min_impurity_decrease=0.0,
                      min_impurity_split=None, min_samples_leaf=1,
                      min_samples_split=2, min_weight_fraction_leaf=0.0,
                      n_estimators=100, n_jobs=-1, oob_score=False,
                      random_state=166, verbose=0, warm_start=False)
2021-09-03 15:01:49,587:INFO:create_model() succesfully completed......................................
2021-09-03 15:01:49,665:INFO:SubProcess create_model() end ==================================
2021-09-03 15:01:49,665:INFO:Creating metrics dataframe
2021-09-03 15:01:49,687:INFO:Initializing Extra Trees Regressor
2021-09-03 15:01:49,687:INFO:Total runtime is 0.12342759768168132 minutes
2021-09-03 15:01:49,694:INFO:SubProcess create_model() called ==================================
2021-09-03 15:01:49,694:INFO:Initializing create_model()
2021-09-03 15:01:49,694:INFO:create_model(estimator=et, fold=KFold(n_splits=10, random_state=None, shuffle=False), round=4, cross_validation=True, predict=True, fit_kwargs={}, groups=None, refit=False, verbose=False, system=False, metrics=None, display=<pycaret.internal.Display.Display object at 0x7fe486837e20>, kwargs={})
2021-09-03 15:01:49,695:INFO:Checking exceptions
2021-09-03 15:01:49,695:INFO:Importing libraries
2021-09-03 15:01:49,695:INFO:Copying training dataset
2021-09-03 15:01:49,695:INFO:Defining folds
2021-09-03 15:01:49,695:INFO:Declaring metric variables
2021-09-03 15:01:49,702:INFO:Importing untrained model
2021-09-03 15:01:49,709:INFO:Extra Trees Regressor Imported succesfully
2021-09-03 15:01:49,723:INFO:Starting cross validation
2021-09-03 15:01:49,724:INFO:Cross validating with KFold(n_splits=10, random_state=None, shuffle=False), n_jobs=-1
2021-09-03 15:01:50,081:INFO:Calculating mean and std
2021-09-03 15:01:50,082:INFO:Creating metrics dataframe
2021-09-03 15:01:50,087:INFO:Uploading results into container
2021-09-03 15:01:50,087:INFO:Uploading model into container now
2021-09-03 15:01:50,087:INFO:create_model_container: 14
2021-09-03 15:01:50,087:INFO:master_model_container: 14
2021-09-03 15:01:50,087:INFO:display_container: 2
2021-09-03 15:01:50,088:INFO:ExtraTreesRegressor(bootstrap=False, ccp_alpha=0.0, criterion='mse',
                    max_depth=None, max_features='auto', max_leaf_nodes=None,
                    max_samples=None, min_impurity_decrease=0.0,
                    min_impurity_split=None, min_samples_leaf=1,
                    min_samples_split=2, min_weight_fraction_leaf=0.0,
                    n_estimators=100, n_jobs=-1, oob_score=False,
                    random_state=166, verbose=0, warm_start=False)
2021-09-03 15:01:50,088:INFO:create_model() succesfully completed......................................
2021-09-03 15:01:50,170:INFO:SubProcess create_model() end ==================================
2021-09-03 15:01:50,170:INFO:Creating metrics dataframe
2021-09-03 15:01:50,193:INFO:Initializing AdaBoost Regressor
2021-09-03 15:01:50,193:INFO:Total runtime is 0.13185965617497764 minutes
2021-09-03 15:01:50,200:INFO:SubProcess create_model() called ==================================
2021-09-03 15:01:50,200:INFO:Initializing create_model()
2021-09-03 15:01:50,200:INFO:create_model(estimator=ada, fold=KFold(n_splits=10, random_state=None, shuffle=False), round=4, cross_validation=True, predict=True, fit_kwargs={}, groups=None, refit=False, verbose=False, system=False, metrics=None, display=<pycaret.internal.Display.Display object at 0x7fe486837e20>, kwargs={})
2021-09-03 15:01:50,200:INFO:Checking exceptions
2021-09-03 15:01:50,201:INFO:Importing libraries
2021-09-03 15:01:50,201:INFO:Copying training dataset
2021-09-03 15:01:50,201:INFO:Defining folds
2021-09-03 15:01:50,201:INFO:Declaring metric variables
2021-09-03 15:01:50,208:INFO:Importing untrained model
2021-09-03 15:01:50,215:INFO:AdaBoost Regressor Imported succesfully
2021-09-03 15:01:50,230:INFO:Starting cross validation
2021-09-03 15:01:50,230:INFO:Cross validating with KFold(n_splits=10, random_state=None, shuffle=False), n_jobs=-1
2021-09-03 15:01:50,374:INFO:Calculating mean and std
2021-09-03 15:01:50,375:INFO:Creating metrics dataframe
2021-09-03 15:01:50,378:INFO:Uploading results into container
2021-09-03 15:01:50,378:INFO:Uploading model into container now
2021-09-03 15:01:50,378:INFO:create_model_container: 15
2021-09-03 15:01:50,378:INFO:master_model_container: 15
2021-09-03 15:01:50,379:INFO:display_container: 2
2021-09-03 15:01:50,379:INFO:AdaBoostRegressor(base_estimator=None, learning_rate=1.0, loss='linear',
                  n_estimators=50, random_state=166)
2021-09-03 15:01:50,379:INFO:create_model() succesfully completed......................................
2021-09-03 15:01:50,454:INFO:SubProcess create_model() end ==================================
2021-09-03 15:01:50,454:INFO:Creating metrics dataframe
2021-09-03 15:01:50,479:INFO:Initializing Gradient Boosting Regressor
2021-09-03 15:01:50,479:INFO:Total runtime is 0.1366258502006531 minutes
2021-09-03 15:01:50,486:INFO:SubProcess create_model() called ==================================
2021-09-03 15:01:50,486:INFO:Initializing create_model()
2021-09-03 15:01:50,487:INFO:create_model(estimator=gbr, fold=KFold(n_splits=10, random_state=None, shuffle=False), round=4, cross_validation=True, predict=True, fit_kwargs={}, groups=None, refit=False, verbose=False, system=False, metrics=None, display=<pycaret.internal.Display.Display object at 0x7fe486837e20>, kwargs={})
2021-09-03 15:01:50,487:INFO:Checking exceptions
2021-09-03 15:01:50,487:INFO:Importing libraries
2021-09-03 15:01:50,487:INFO:Copying training dataset
2021-09-03 15:01:50,487:INFO:Defining folds
2021-09-03 15:01:50,488:INFO:Declaring metric variables
2021-09-03 15:01:50,495:INFO:Importing untrained model
2021-09-03 15:01:50,503:INFO:Gradient Boosting Regressor Imported succesfully
2021-09-03 15:01:50,518:INFO:Starting cross validation
2021-09-03 15:01:50,518:INFO:Cross validating with KFold(n_splits=10, random_state=None, shuffle=False), n_jobs=-1
2021-09-03 15:01:50,607:INFO:Calculating mean and std
2021-09-03 15:01:50,608:INFO:Creating metrics dataframe
2021-09-03 15:01:50,612:INFO:Uploading results into container
2021-09-03 15:01:50,612:INFO:Uploading model into container now
2021-09-03 15:01:50,613:INFO:create_model_container: 16
2021-09-03 15:01:50,613:INFO:master_model_container: 16
2021-09-03 15:01:50,613:INFO:display_container: 2
2021-09-03 15:01:50,613:INFO:GradientBoostingRegressor(alpha=0.9, ccp_alpha=0.0, criterion='friedman_mse',
                          init=None, learning_rate=0.1, loss='ls', max_depth=3,
                          max_features=None, max_leaf_nodes=None,
                          min_impurity_decrease=0.0, min_impurity_split=None,
                          min_samples_leaf=1, min_samples_split=2,
                          min_weight_fraction_leaf=0.0, n_estimators=100,
                          n_iter_no_change=None, random_state=166,
                          subsample=1.0, tol=0.0001, validation_fraction=0.1,
                          verbose=0, warm_start=False)
2021-09-03 15:01:50,613:INFO:create_model() succesfully completed......................................
2021-09-03 15:01:50,683:INFO:SubProcess create_model() end ==================================
2021-09-03 15:01:50,683:INFO:Creating metrics dataframe
2021-09-03 15:01:50,706:INFO:Initializing Light Gradient Boosting Machine
2021-09-03 15:01:50,706:INFO:Total runtime is 0.14041335980097455 minutes
2021-09-03 15:01:50,713:INFO:SubProcess create_model() called ==================================
2021-09-03 15:01:50,714:INFO:Initializing create_model()
2021-09-03 15:01:50,714:INFO:create_model(estimator=lightgbm, fold=KFold(n_splits=10, random_state=None, shuffle=False), round=4, cross_validation=True, predict=True, fit_kwargs={}, groups=None, refit=False, verbose=False, system=False, metrics=None, display=<pycaret.internal.Display.Display object at 0x7fe486837e20>, kwargs={})
2021-09-03 15:01:50,714:INFO:Checking exceptions
2021-09-03 15:01:50,714:INFO:Importing libraries
2021-09-03 15:01:50,714:INFO:Copying training dataset
2021-09-03 15:01:50,714:INFO:Defining folds
2021-09-03 15:01:50,714:INFO:Declaring metric variables
2021-09-03 15:01:50,721:INFO:Importing untrained model
2021-09-03 15:01:50,729:INFO:Light Gradient Boosting Machine Imported succesfully
2021-09-03 15:01:50,743:INFO:Starting cross validation
2021-09-03 15:01:50,744:INFO:Cross validating with KFold(n_splits=10, random_state=None, shuffle=False), n_jobs=-1
2021-09-03 15:01:51,572:INFO:Calculating mean and std
2021-09-03 15:01:51,572:INFO:Creating metrics dataframe
2021-09-03 15:01:51,576:INFO:Uploading results into container
2021-09-03 15:01:51,576:INFO:Uploading model into container now
2021-09-03 15:01:51,576:INFO:create_model_container: 17
2021-09-03 15:01:51,576:INFO:master_model_container: 17
2021-09-03 15:01:51,576:INFO:display_container: 2
2021-09-03 15:01:51,577:INFO:LGBMRegressor(boosting_type='gbdt', class_weight=None, colsample_bytree=1.0,
              importance_type='split', learning_rate=0.1, max_depth=-1,
              min_child_samples=20, min_child_weight=0.001, min_split_gain=0.0,
              n_estimators=100, n_jobs=-1, num_leaves=31, objective=None,
              random_state=166, reg_alpha=0.0, reg_lambda=0.0, silent=True,
              subsample=1.0, subsample_for_bin=200000, subsample_freq=0)
2021-09-03 15:01:51,577:INFO:create_model() succesfully completed......................................
2021-09-03 15:01:51,648:INFO:SubProcess create_model() end ==================================
2021-09-03 15:01:51,648:INFO:Creating metrics dataframe
2021-09-03 15:01:51,691:INFO:Initializing create_model()
2021-09-03 15:01:51,691:INFO:create_model(estimator=HuberRegressor(alpha=0.0001, epsilon=1.35, fit_intercept=True, max_iter=100,
               tol=1e-05, warm_start=False), fold=KFold(n_splits=10, random_state=None, shuffle=False), round=4, cross_validation=False, predict=False, fit_kwargs={}, groups=None, refit=True, verbose=False, system=False, metrics=None, display=None, kwargs={})
2021-09-03 15:01:51,691:INFO:Checking exceptions
2021-09-03 15:01:51,691:INFO:Importing libraries
2021-09-03 15:01:51,691:INFO:Copying training dataset
2021-09-03 15:01:51,692:INFO:Defining folds
2021-09-03 15:01:51,692:INFO:Declaring metric variables
2021-09-03 15:01:51,692:INFO:Importing untrained model
2021-09-03 15:01:51,692:INFO:Declaring custom model
2021-09-03 15:01:51,692:INFO:Huber Regressor Imported succesfully
2021-09-03 15:01:51,692:INFO:Cross validation set to False
2021-09-03 15:01:51,692:INFO:Fitting Model
2021-09-03 15:01:51,700:INFO:HuberRegressor(alpha=0.0001, epsilon=1.35, fit_intercept=True, max_iter=100,
               tol=1e-05, warm_start=False)
2021-09-03 15:01:51,700:INFO:create_models() succesfully completed......................................
2021-09-03 15:01:51,832:INFO:create_model_container: 17
2021-09-03 15:01:51,832:INFO:master_model_container: 17
2021-09-03 15:01:51,832:INFO:display_container: 2
2021-09-03 15:01:51,833:INFO:HuberRegressor(alpha=0.0001, epsilon=1.35, fit_intercept=True, max_iter=100,
               tol=1e-05, warm_start=False)
2021-09-03 15:01:51,833:INFO:compare_models() succesfully completed......................................
2021-09-03 15:03:56,259:INFO:PyCaret Supervised Module
2021-09-03 15:03:56,259:INFO:ML Usecase: regression
2021-09-03 15:03:56,259:INFO:version 2.3.3
2021-09-03 15:03:56,259:INFO:Initializing setup()
2021-09-03 15:03:56,259:INFO:setup(target=vehicle_length, ml_usecase=regression, available_plots={'parameter': 'Hyperparameters', 'residuals': 'Residuals', 'error': 'Prediction Error', 'cooks': 'Cooks Distance', 'rfe': 'Feature Selection', 'learning': 'Learning Curve', 'manifold': 'Manifold Learning', 'vc': 'Validation Curve', 'feature': 'Feature Importance', 'feature_all': 'Feature Importance (All)', 'tree': 'Decision Tree', 'residuals_interactive': 'Interactive Residuals'}, train_size=0.7, test_data=None, preprocess=True, imputation_type=simple, iterative_imputation_iters=5, categorical_features=None, categorical_imputation=constant, categorical_iterative_imputer=lightgbm, ordinal_features=None, high_cardinality_features=None, high_cardinality_method=frequency, numeric_features=None, numeric_imputation=mean, numeric_iterative_imputer=lightgbm, date_features=None, ignore_features=None, normalize=True, normalize_method=zscore, transformation=False, transformation_method=yeo-johnson, handle_unknown_categorical=True, unknown_categorical_method=least_frequent, pca=False, pca_method=linear, pca_components=None, ignore_low_variance=False, combine_rare_levels=False, rare_level_threshold=0.1, bin_numeric_features=None, remove_outliers=False, outliers_threshold=0.05, remove_multicollinearity=False, multicollinearity_threshold=0.9, remove_perfect_collinearity=True, create_clusters=False, cluster_iter=20, polynomial_features=False, polynomial_degree=2, trigonometry_features=False, polynomial_threshold=0.1, group_features=None, group_names=None, feature_selection=False, feature_selection_threshold=0.8, feature_selection_method=classic, feature_interaction=False, feature_ratio=False, interaction_threshold=0.01, fix_imbalance=False, fix_imbalance_method=None, transform_target=False, transform_target_method=box-cox, data_split_shuffle=True, data_split_stratify=False, fold_strategy=kfold, fold=10, fold_shuffle=False, fold_groups=None, n_jobs=-1, use_gpu=False, custom_pipeline=None, html=True, session_id=None, log_experiment=False, experiment_name=None, log_plots=False, log_profile=False, log_data=False, silent=False, verbose=True, profile=False, profile_kwargs=None, display=None)
2021-09-03 15:03:56,259:INFO:Checking environment
2021-09-03 15:03:56,259:INFO:python_version: 3.8.10
2021-09-03 15:03:56,260:INFO:python_build: ('default', 'May 19 2021 18:05:58')
2021-09-03 15:03:56,260:INFO:machine: x86_64
2021-09-03 15:03:56,260:INFO:platform: Linux-5.11.0-7633-generic-x86_64-with-glibc2.10
2021-09-03 15:03:56,260:INFO:Memory: svmem(total=16652615680, available=7598071808, percent=54.4, used=8597053440, free=2021814272, active=3391094784, inactive=10010423296, buffers=753999872, cached=5279748096, shared=109862912, slab=828198912)
2021-09-03 15:03:56,261:INFO:Physical Core: 6
2021-09-03 15:03:56,261:INFO:Logical Core: 12
2021-09-03 15:03:56,261:INFO:Checking libraries
2021-09-03 15:03:56,261:INFO:pd==1.2.5
2021-09-03 15:03:56,261:INFO:numpy==1.20.3
2021-09-03 15:03:56,261:INFO:sklearn==0.24.2
2021-09-03 15:03:56,261:INFO:lightgbm==3.2.1
2021-09-03 15:03:56,261:WARNING:catboost not found
2021-09-03 15:03:56,261:WARNING:xgboost not found
2021-09-03 15:03:56,407:INFO:mlflow==1.20.1
2021-09-03 15:03:56,407:INFO:Checking Exceptions
2021-09-03 15:03:56,407:INFO:Declaring global variables
2021-09-03 15:03:56,407:INFO:USI: 0c0b
2021-09-03 15:03:56,407:INFO:pycaret_globals: {'_ml_usecase', 'create_model_container', 'fix_imbalance_method_param', '_gpu_n_jobs_param', 'data_before_preprocess', 'X', 'gpu_param', 'logging_param', 'experiment__', 'fold_groups_param_full', 'fix_imbalance_param', 'fold_shuffle_param', 'imputation_regressor', 'fold_param', 'fold_groups_param', 'USI', 'X_test', 'n_jobs_param', '_available_plots', '_all_metrics', 'display_container', 'html_param', 'master_model_container', '_all_models', 'pycaret_globals', 'y_test', '_all_models_internal', 'y', 'fold_generator', '_internal_pipeline', 'exp_name_log', 'log_plots_param', 'transform_target_method_param', 'X_train', 'prep_pipe', 'iterative_imputation_iters_param', 'target_param', 'y_train', 'transform_target_param', 'imputation_classifier', 'stratify_param', 'seed'}
2021-09-03 15:03:56,407:INFO:Preparing display monitor
2021-09-03 15:03:56,407:INFO:Preparing display monitor
2021-09-03 15:03:56,425:INFO:Importing libraries
2021-09-03 15:03:56,425:INFO:Copying data for preprocessing
2021-09-03 15:03:56,433:INFO:Declaring preprocessing parameters
2021-09-03 15:03:56,435:INFO:Creating preprocessing pipeline
2021-09-03 15:03:56,442:INFO:Preprocessing pipeline created successfully
2021-09-03 15:03:56,442:ERROR:(Process Exit): setup has been interupted with user command 'quit'. setup must rerun.
2021-09-03 15:03:56,442:INFO:Creating global containers
2021-09-03 15:03:56,443:INFO:Internal pipeline: Pipeline(memory=None, steps=[('empty_step', 'passthrough')], verbose=False)
2021-09-03 15:03:58,901:WARNING:Couldn't import xgboost.XGBRegressor
2021-09-03 15:03:58,902:WARNING:Couldn't import catboost.CatBoostRegressor
2021-09-03 15:03:59,054:WARNING:Couldn't import xgboost.XGBRegressor
2021-09-03 15:03:59,055:WARNING:Couldn't import catboost.CatBoostRegressor
2021-09-03 15:03:59,055:INFO:Creating grid variables
2021-09-03 15:03:59,071:INFO:create_model_container: 0
2021-09-03 15:03:59,071:INFO:master_model_container: 0
2021-09-03 15:03:59,071:INFO:display_container: 1
2021-09-03 15:05:10,739:INFO:PyCaret Supervised Module
2021-09-03 15:05:10,739:INFO:ML Usecase: regression
2021-09-03 15:05:10,739:INFO:version 2.3.3
2021-09-03 15:05:10,739:INFO:Initializing setup()
2021-09-03 15:05:10,739:INFO:setup(target=vehicle_length, ml_usecase=regression, available_plots={'parameter': 'Hyperparameters', 'residuals': 'Residuals', 'error': 'Prediction Error', 'cooks': 'Cooks Distance', 'rfe': 'Feature Selection', 'learning': 'Learning Curve', 'manifold': 'Manifold Learning', 'vc': 'Validation Curve', 'feature': 'Feature Importance', 'feature_all': 'Feature Importance (All)', 'tree': 'Decision Tree', 'residuals_interactive': 'Interactive Residuals'}, train_size=0.7, test_data=None, preprocess=True, imputation_type=simple, iterative_imputation_iters=5, categorical_features=None, categorical_imputation=constant, categorical_iterative_imputer=lightgbm, ordinal_features=None, high_cardinality_features=None, high_cardinality_method=frequency, numeric_features=None, numeric_imputation=mean, numeric_iterative_imputer=lightgbm, date_features=None, ignore_features=None, normalize=True, normalize_method=zscore, transformation=False, transformation_method=yeo-johnson, handle_unknown_categorical=True, unknown_categorical_method=least_frequent, pca=False, pca_method=linear, pca_components=None, ignore_low_variance=False, combine_rare_levels=False, rare_level_threshold=0.1, bin_numeric_features=None, remove_outliers=False, outliers_threshold=0.05, remove_multicollinearity=False, multicollinearity_threshold=0.9, remove_perfect_collinearity=True, create_clusters=False, cluster_iter=20, polynomial_features=False, polynomial_degree=2, trigonometry_features=False, polynomial_threshold=0.1, group_features=None, group_names=None, feature_selection=False, feature_selection_threshold=0.8, feature_selection_method=classic, feature_interaction=False, feature_ratio=False, interaction_threshold=0.01, fix_imbalance=False, fix_imbalance_method=None, transform_target=False, transform_target_method=box-cox, data_split_shuffle=True, data_split_stratify=False, fold_strategy=kfold, fold=10, fold_shuffle=False, fold_groups=None, n_jobs=-1, use_gpu=False, custom_pipeline=None, html=True, session_id=None, log_experiment=False, experiment_name=None, log_plots=False, log_profile=False, log_data=False, silent=False, verbose=True, profile=False, profile_kwargs=None, display=None)
2021-09-03 15:05:10,739:INFO:Checking environment
2021-09-03 15:05:10,739:INFO:python_version: 3.8.10
2021-09-03 15:05:10,739:INFO:python_build: ('default', 'May 19 2021 18:05:58')
2021-09-03 15:05:10,739:INFO:machine: x86_64
2021-09-03 15:05:10,739:INFO:platform: Linux-5.11.0-7633-generic-x86_64-with-glibc2.10
2021-09-03 15:05:10,739:INFO:Memory: svmem(total=16652615680, available=7597903872, percent=54.4, used=8599814144, free=2018717696, active=3394125824, inactive=10017705984, buffers=754548736, cached=5279535104, shared=108310528, slab=828194816)
2021-09-03 15:05:10,740:INFO:Physical Core: 6
2021-09-03 15:05:10,740:INFO:Logical Core: 12
2021-09-03 15:05:10,740:INFO:Checking libraries
2021-09-03 15:05:10,740:INFO:pd==1.2.5
2021-09-03 15:05:10,740:INFO:numpy==1.20.3
2021-09-03 15:05:10,740:INFO:sklearn==0.24.2
2021-09-03 15:05:10,740:INFO:lightgbm==3.2.1
2021-09-03 15:05:10,740:WARNING:catboost not found
2021-09-03 15:05:10,741:WARNING:xgboost not found
2021-09-03 15:05:10,889:INFO:mlflow==1.20.1
2021-09-03 15:05:10,889:INFO:Checking Exceptions
2021-09-03 15:05:10,889:INFO:Declaring global variables
2021-09-03 15:05:10,889:INFO:USI: 4784
2021-09-03 15:05:10,889:INFO:pycaret_globals: {'_ml_usecase', '_all_models_internal', 'fold_groups_param_full', 'log_plots_param', 'display_container', 'USI', 'fold_shuffle_param', 'gpu_param', 'y', 'fix_imbalance_param', 'fold_groups_param', '_internal_pipeline', 'n_jobs_param', 'fix_imbalance_method_param', 'y_test', 'logging_param', 'html_param', 'iterative_imputation_iters_param', 'y_train', 'imputation_regressor', 'X', 'create_model_container', 'fold_generator', 'pycaret_globals', 'master_model_container', '_all_metrics', '_all_models', 'stratify_param', 'exp_name_log', 'X_test', 'target_param', '_available_plots', 'transform_target_method_param', 'experiment__', 'seed', 'transform_target_param', 'fold_param', 'imputation_classifier', 'data_before_preprocess', '_gpu_n_jobs_param', 'prep_pipe', 'X_train'}
2021-09-03 15:05:10,889:INFO:Preparing display monitor
2021-09-03 15:05:10,889:INFO:Preparing display monitor
2021-09-03 15:05:10,906:INFO:Importing libraries
2021-09-03 15:05:10,906:INFO:Copying data for preprocessing
2021-09-03 15:05:10,913:INFO:Declaring preprocessing parameters
2021-09-03 15:05:10,914:INFO:Creating preprocessing pipeline
2021-09-03 15:05:10,921:INFO:Preprocessing pipeline created successfully
2021-09-03 15:05:10,921:ERROR:(Process Exit): setup has been interupted with user command 'quit'. setup must rerun.
2021-09-03 15:05:10,921:INFO:Creating global containers
2021-09-03 15:05:10,921:INFO:Internal pipeline: Pipeline(memory=None, steps=[('empty_step', 'passthrough')], verbose=False)
2021-09-03 15:05:12,187:WARNING:Couldn't import xgboost.XGBRegressor
2021-09-03 15:05:12,188:WARNING:Couldn't import catboost.CatBoostRegressor
2021-09-03 15:05:12,332:WARNING:Couldn't import xgboost.XGBRegressor
2021-09-03 15:05:12,333:WARNING:Couldn't import catboost.CatBoostRegressor
2021-09-03 15:05:12,333:INFO:Creating grid variables
2021-09-03 15:05:12,350:INFO:create_model_container: 0
2021-09-03 15:05:12,351:INFO:master_model_container: 0
2021-09-03 15:05:12,351:INFO:display_container: 1
2021-09-03 15:11:49,813:INFO:PyCaret Supervised Module
2021-09-03 15:11:49,813:INFO:ML Usecase: regression
2021-09-03 15:11:49,813:INFO:version 2.3.3
2021-09-03 15:11:49,813:INFO:Initializing setup()
2021-09-03 15:11:49,814:INFO:setup(target=vehicle_length, ml_usecase=regression, available_plots={'parameter': 'Hyperparameters', 'residuals': 'Residuals', 'error': 'Prediction Error', 'cooks': 'Cooks Distance', 'rfe': 'Feature Selection', 'learning': 'Learning Curve', 'manifold': 'Manifold Learning', 'vc': 'Validation Curve', 'feature': 'Feature Importance', 'feature_all': 'Feature Importance (All)', 'tree': 'Decision Tree', 'residuals_interactive': 'Interactive Residuals'}, train_size=0.7, test_data=None, preprocess=True, imputation_type=simple, iterative_imputation_iters=5, categorical_features=None, categorical_imputation=constant, categorical_iterative_imputer=lightgbm, ordinal_features=None, high_cardinality_features=None, high_cardinality_method=frequency, numeric_features=None, numeric_imputation=mean, numeric_iterative_imputer=lightgbm, date_features=None, ignore_features=None, normalize=True, normalize_method=zscore, transformation=False, transformation_method=yeo-johnson, handle_unknown_categorical=True, unknown_categorical_method=least_frequent, pca=False, pca_method=linear, pca_components=None, ignore_low_variance=False, combine_rare_levels=False, rare_level_threshold=0.1, bin_numeric_features=None, remove_outliers=False, outliers_threshold=0.05, remove_multicollinearity=False, multicollinearity_threshold=0.9, remove_perfect_collinearity=True, create_clusters=False, cluster_iter=20, polynomial_features=False, polynomial_degree=2, trigonometry_features=False, polynomial_threshold=0.1, group_features=None, group_names=None, feature_selection=False, feature_selection_threshold=0.8, feature_selection_method=classic, feature_interaction=False, feature_ratio=False, interaction_threshold=0.01, fix_imbalance=False, fix_imbalance_method=None, transform_target=False, transform_target_method=box-cox, data_split_shuffle=True, data_split_stratify=False, fold_strategy=kfold, fold=10, fold_shuffle=False, fold_groups=None, n_jobs=-1, use_gpu=False, custom_pipeline=None, html=True, session_id=None, log_experiment=False, experiment_name=None, log_plots=False, log_profile=False, log_data=False, silent=False, verbose=True, profile=False, profile_kwargs=None, display=None)
2021-09-03 15:11:49,814:INFO:Checking environment
2021-09-03 15:11:49,814:INFO:python_version: 3.8.10
2021-09-03 15:11:49,814:INFO:python_build: ('default', 'May 19 2021 18:05:58')
2021-09-03 15:11:49,814:INFO:machine: x86_64
2021-09-03 15:11:49,814:INFO:platform: Linux-5.11.0-7633-generic-x86_64-with-glibc2.10
2021-09-03 15:11:49,814:INFO:Memory: svmem(total=16652615680, available=7582461952, percent=54.5, used=8615088128, free=1362378752, active=3654737920, inactive=10418851840, buffers=763133952, cached=5912014848, shared=108470272, slab=823746560)
2021-09-03 15:11:49,815:INFO:Physical Core: 6
2021-09-03 15:11:49,815:INFO:Logical Core: 12
2021-09-03 15:11:49,815:INFO:Checking libraries
2021-09-03 15:11:49,815:INFO:pd==1.2.5
2021-09-03 15:11:49,815:INFO:numpy==1.21.2
2021-09-03 15:11:49,815:INFO:sklearn==0.24.2
2021-09-03 15:11:49,815:INFO:lightgbm==3.2.1
2021-09-03 15:11:49,815:WARNING:catboost not found
2021-09-03 15:11:49,815:WARNING:xgboost not found
2021-09-03 15:11:49,962:INFO:mlflow==1.20.1
2021-09-03 15:11:49,962:INFO:Checking Exceptions
2021-09-03 15:11:49,962:INFO:Declaring global variables
2021-09-03 15:11:49,962:INFO:USI: 0bc5
2021-09-03 15:11:49,962:INFO:pycaret_globals: {'_ml_usecase', 'y_train', 'fix_imbalance_param', 'fold_shuffle_param', 'exp_name_log', 'logging_param', 'fold_param', '_all_models', 'target_param', 'prep_pipe', '_all_metrics', 'transform_target_param', '_all_models_internal', 'fold_generator', '_available_plots', 'fold_groups_param', 'n_jobs_param', 'USI', '_internal_pipeline', 'iterative_imputation_iters_param', 'gpu_param', 'fold_groups_param_full', 'y', 'pycaret_globals', 'data_before_preprocess', '_gpu_n_jobs_param', 'create_model_container', 'X', 'X_train', 'html_param', 'transform_target_method_param', 'display_container', 'fix_imbalance_method_param', 'stratify_param', 'log_plots_param', 'experiment__', 'y_test', 'X_test', 'imputation_regressor', 'seed', 'imputation_classifier', 'master_model_container'}
2021-09-03 15:11:49,962:INFO:Preparing display monitor
2021-09-03 15:11:49,962:INFO:Preparing display monitor
2021-09-03 15:11:49,977:INFO:Importing libraries
2021-09-03 15:11:49,977:INFO:Copying data for preprocessing
2021-09-03 15:11:49,984:INFO:Declaring preprocessing parameters
2021-09-03 15:11:49,985:INFO:Creating preprocessing pipeline
2021-09-03 15:11:49,991:INFO:Preprocessing pipeline created successfully
2021-09-03 15:11:49,991:ERROR:(Process Exit): setup has been interupted with user command 'quit'. setup must rerun.
2021-09-03 15:11:49,991:INFO:Creating global containers
2021-09-03 15:11:49,992:INFO:Internal pipeline: Pipeline(memory=None, steps=[('empty_step', 'passthrough')], verbose=False)
2021-09-03 15:11:51,744:WARNING:Couldn't import xgboost.XGBRegressor
2021-09-03 15:11:51,745:WARNING:Couldn't import catboost.CatBoostRegressor
2021-09-03 15:11:51,891:WARNING:Couldn't import xgboost.XGBRegressor
2021-09-03 15:11:51,891:WARNING:Couldn't import catboost.CatBoostRegressor
2021-09-03 15:11:51,892:INFO:Creating grid variables
2021-09-03 15:11:51,910:INFO:create_model_container: 0
2021-09-03 15:11:51,910:INFO:master_model_container: 0
2021-09-03 15:11:51,910:INFO:display_container: 1
